<?xml version="1.0" encoding="UTF-8"?>
<!-- Generated by org.testng.reporters.JUnitReportReporter -->
<testsuite hostname="DESKTOP-P7OQTO0" failures="0" tests="4" name="com.adil.test.SportsClubTest" time="0.022" errors="0" timestamp="2019-09-18T14:50:33 IST" skipped="0">
  <testcase classname="com.adil.test.SportsClubTest" name="testMembershipFees" time="0.006"/>
  <testcase classname="com.adil.test.SportsClubTest" name="testMembershipFees" time="0.012"/>
  <testcase classname="com.adil.test.SportsClubTest" name="testMembershipFees" time="0.002"/>
  <testcase classname="com.adil.test.SportsClubTest" name="testMembershipFees" time="0.002"/>
</testsuite> <!-- com.adil.test.SportsClubTest -->
